<?xml version="1.0" encoding="UTF-8"?>
<!-- Generated by org.testng.reporters.JUnitReportReporter -->
<testsuite hostname="Sunils-Mac-mini.local" failures="0" tests="1" name="com.example.automation.LoginTest" time="36.111" errors="0" timestamp="2025-09-19T18:58:42 IST" skipped="0">
  <testcase classname="com.example.automation.LoginTest" name="LoginForm" time="36.111"/>
</testsuite> <!-- com.example.automation.LoginTest -->
